Using pre-set license
Built from '2020.2/release' branch; Version is '2020.2.1f1 (270dd8c3da1c) revision 2559448'; Using compiler version '192528614'; Build Type 'Release'
OS: 'Windows 10  (10.0.0) 64bit' Language: 'pl' Physical Memory: 32716 MB
BatchMode: 1, IsHumanControllingUs: 0, StartBugReporterOnCrash: 0, Is64bit: 1, IsPro: 0

 COMMAND LINE ARGUMENTS:
D:\Programy\Unity\2020.2.1f1\Editor\Unity.exe
-adb2
-batchMode
-noUpm
-name
AssetImportWorker0
-projectPath
D:/Obrazy/PJATK/IV rok/I/Dyplom/Unity/Dyplom_magisterski_001
-logFile
Logs/AssetImportWorker0.log
-srvPort
51750
Successfully changed project path to: D:/Obrazy/PJATK/IV rok/I/Dyplom/Unity/Dyplom_magisterski_001
D:/Obrazy/PJATK/IV rok/I/Dyplom/Unity/Dyplom_magisterski_001
Using Asset Import Pipeline V2.
Refreshing native plugins compatible for Editor in 27.97 ms, found 1 plugins.
Preloading 0 native plugins for Editor in 0.00 ms.
Initialize engine version: 2020.2.1f1 (270dd8c3da1c)
[Subsystems] Discovering subsystems at path D:/Programy/Unity/2020.2.1f1/Editor/Data/Resources/UnitySubsystems
[Subsystems] Discovering subsystems at path D:/Obrazy/PJATK/IV rok/I/Dyplom/Unity/Dyplom_magisterski_001/Assets
GfxDevice: creating device client; threaded=0
Direct3D:
    Version:  Direct3D 11.0 [level 11.1]
    Renderer: NVIDIA GeForce RTX 2060 SUPER (ID=0x1f06)
    Vendor:   
    VRAM:     8031 MB
    Driver:   27.21.14.6627
Initialize mono
Mono path[0] = 'D:/Programy/Unity/2020.2.1f1/Editor/Data/Managed'
Mono path[1] = 'D:/Programy/Unity/2020.2.1f1/Editor/Data/MonoBleedingEdge/lib/mono/unityjit'
Mono config path = 'D:/Programy/Unity/2020.2.1f1/Editor/Data/MonoBleedingEdge/etc'
Using monoOptions --debugger-agent=transport=dt_socket,embedding=1,server=y,suspend=n,address=127.0.0.1:56316
Begin MonoManager ReloadAssembly
Registering precompiled unity dll's ...
Register platform support module: D:/Programy/Unity/2020.2.1f1/Editor/Data/PlaybackEngines/WindowsStandaloneSupport/UnityEditor.WindowsStandalone.Extensions.dll
Registered in 0.002920 seconds.
Native extension for WindowsStandalone target not found
Refreshing native plugins compatible for Editor in 24.00 ms, found 1 plugins.
Preloading 0 native plugins for Editor in 0.00 ms.
Invoked RoslynAnalysisRunner static constructor.
RoslynAnalysisRunner will not be running.
RoslynAnalysisRunner has terminated.
Mono: successfully reloaded assembly
- Completed reload, in  1.968 seconds
Platform modules already initialized, skipping
Registering precompiled user dll's ...
Registered in 0.012383 seconds.
Begin MonoManager ReloadAssembly
Native extension for WindowsStandalone target not found
Refreshing native plugins compatible for Editor in 0.37 ms, found 1 plugins.
Preloading 0 native plugins for Editor in 0.00 ms.
Invoked RoslynAnalysisRunner static constructor.
RoslynAnalysisRunner will not be running.
RoslynAnalysisRunner has terminated.
Mono: successfully reloaded assembly
- Completed reload, in  0.813 seconds
Platform modules already initialized, skipping
========================================================================
Worker process is ready to serve import requests
Launched and connected shader compiler UnityShaderCompiler.exe after 0.04 seconds
Refreshing native plugins compatible for Editor in 0.37 ms, found 1 plugins.
Preloading 0 native plugins for Editor in 0.00 ms.
Unloading 1150 Unused Serialized files (Serialized files now loaded: 0)
System memory in use before: 59.1 MB.
System memory in use after: 59.2 MB.

Unloading 26 unused Assets to reduce memory usage. Loaded Objects now: 1612.
Total: 1.927600 ms (FindLiveObjects: 0.171400 ms CreateObjectMapping: 0.028400 ms MarkObjects: 1.654700 ms  DeleteObjects: 0.072100 ms)

========================================================================
Received Import Request.
  path: Assets/Prefabs/Kostka.prefab
  artifactKey: Guid(40f61fea34fe6f140a4b66adb341c1b4) Importer(815301076,1909f56bfc062723c751e8b465ee728b)
Start importing Assets/Prefabs/Kostka.prefab using Guid(40f61fea34fe6f140a4b66adb341c1b4) Importer(815301076,1909f56bfc062723c751e8b465ee728b)  -> (artifact id: 'd260b306cee8ea24fa0139537c48e07d') in 0.099606 seconds
  Import took 0.101714 seconds .

========================================================================
Received Import Request.
  Time since last request: 445.082952 seconds.
  path: Assets/Scripts/DetectCollisions.cs
  artifactKey: Guid(d59d8df63b6432c4fbfefcf4cf374427) Importer(815301076,1909f56bfc062723c751e8b465ee728b)
Start importing Assets/Scripts/DetectCollisions.cs using Guid(d59d8df63b6432c4fbfefcf4cf374427) Importer(815301076,1909f56bfc062723c751e8b465ee728b)  -> (artifact id: '1e0d116854f15e81e8ac485856f1210a') in 0.031134 seconds
  Import took 0.033311 seconds .

========================================================================
Received Import Request.
  Time since last request: 83.042757 seconds.
  path: ProjectSettings/TagManager.asset
  artifactKey: Guid(00000000000000003000000000000000) Importer(815301076,1909f56bfc062723c751e8b465ee728b)
Start importing ProjectSettings/TagManager.asset using Guid(00000000000000003000000000000000) Importer(815301076,1909f56bfc062723c751e8b465ee728b)  -> (artifact id: '3eb0878ff41c86359debc14782fcf242') in 0.016905 seconds
  Import took 0.019977 seconds .

========================================================================
Received Import Request.
  Time since last request: 26.193342 seconds.
  path: Assets/Prefabs/Kostka.prefab
  artifactKey: Guid(40f61fea34fe6f140a4b66adb341c1b4) Importer(815301076,1909f56bfc062723c751e8b465ee728b)
Start importing Assets/Prefabs/Kostka.prefab using Guid(40f61fea34fe6f140a4b66adb341c1b4) Importer(815301076,1909f56bfc062723c751e8b465ee728b)  -> (artifact id: '51da190772a87e6aff24e2c71e2d1afd') in 0.014054 seconds
  Import took 0.016919 seconds .

========================================================================
Received Import Request.
  Time since last request: 35.448596 seconds.
  path: Assets/Prefabs/Obejct1.prefab
  artifactKey: Guid(46d81e7bd0e574b4f8c806770a3c44fc) Importer(815301076,1909f56bfc062723c751e8b465ee728b)
Start importing Assets/Prefabs/Obejct1.prefab using Guid(46d81e7bd0e574b4f8c806770a3c44fc) Importer(815301076,1909f56bfc062723c751e8b465ee728b)  -> (artifact id: 'a41aa4bcca84ac5ccd35c692f9085f66') in 0.015296 seconds
  Import took 0.017479 seconds .

========================================================================
Received Import Request.
  Time since last request: 9.529241 seconds.
  path: Assets/Prefabs/Object4.prefab
  artifactKey: Guid(849b7f5666a6a044f85e78975531bc85) Importer(815301076,1909f56bfc062723c751e8b465ee728b)
Start importing Assets/Prefabs/Object4.prefab using Guid(849b7f5666a6a044f85e78975531bc85) Importer(815301076,1909f56bfc062723c751e8b465ee728b)  -> (artifact id: 'a7ac71eb12e47513c2698c3b3189a734') in 0.016295 seconds
  Import took 0.019075 seconds .

========================================================================
Received Import Request.
  Time since last request: 0.536043 seconds.
  path: Assets/Prefabs/Object3.prefab
  artifactKey: Guid(5e379e80b55bbb24e9e4f5c4987549be) Importer(815301076,1909f56bfc062723c751e8b465ee728b)
Start importing Assets/Prefabs/Object3.prefab using Guid(5e379e80b55bbb24e9e4f5c4987549be) Importer(815301076,1909f56bfc062723c751e8b465ee728b)  -> (artifact id: '1592bad18b2e596a7c87641fc6a40ff9') in 0.010961 seconds
  Import took 0.013349 seconds .

========================================================================
Received Import Request.
  Time since last request: 0.832467 seconds.
  path: Assets/Prefabs/Object2.prefab
  artifactKey: Guid(54e7669843b6135489e7876baabb062f) Importer(815301076,1909f56bfc062723c751e8b465ee728b)
Start importing Assets/Prefabs/Object2.prefab using Guid(54e7669843b6135489e7876baabb062f) Importer(815301076,1909f56bfc062723c751e8b465ee728b)  -> (artifact id: '5dff5a7e6f12c96e47913b7c50b3296a') in 0.015015 seconds
  Import took 0.017406 seconds .

========================================================================
Received Import Request.
  Time since last request: 8.812641 seconds.
  path: Assets/Prefabs/Sphere.prefab
  artifactKey: Guid(567b87bb1b98da847a3c740f44312887) Importer(815301076,1909f56bfc062723c751e8b465ee728b)
Start importing Assets/Prefabs/Sphere.prefab using Guid(567b87bb1b98da847a3c740f44312887) Importer(815301076,1909f56bfc062723c751e8b465ee728b)  -> (artifact id: '9e18783a5891e897cd2732ab29b1ea11') in 0.023494 seconds
  Import took 0.027546 seconds .

========================================================================
Received Import Request.
  Time since last request: 46.924658 seconds.
  path: Assets/Prefabs/Orange.prefab
  artifactKey: Guid(567b87bb1b98da847a3c740f44312887) Importer(815301076,1909f56bfc062723c751e8b465ee728b)
Start importing Assets/Prefabs/Orange.prefab using Guid(567b87bb1b98da847a3c740f44312887) Importer(815301076,1909f56bfc062723c751e8b465ee728b)  -> (artifact id: 'b245128959495def367e52fc6a4a404b') in 0.025005 seconds
  Import took 0.027535 seconds .

========================================================================
Received Import Request.
  Time since last request: 0.008492 seconds.
  path: Assets/Prefabs/Orange.prefab
  artifactKey: Guid(567b87bb1b98da847a3c740f44312887) Importer(815301076,1909f56bfc062723c751e8b465ee728b)
Start importing Assets/Prefabs/Orange.prefab using Guid(567b87bb1b98da847a3c740f44312887) Importer(815301076,1909f56bfc062723c751e8b465ee728b)  -> (artifact id: 'b245128959495def367e52fc6a4a404b') in 0.014140 seconds
  Import took 0.016847 seconds .

========================================================================
Received Import Request.
  Time since last request: 1.640100 seconds.
  path: Assets/Prefabs/Orange.prefab
  artifactKey: Guid(567b87bb1b98da847a3c740f44312887) Importer(815301076,1909f56bfc062723c751e8b465ee728b)
Start importing Assets/Prefabs/Orange.prefab using Guid(567b87bb1b98da847a3c740f44312887) Importer(815301076,1909f56bfc062723c751e8b465ee728b)  -> (artifact id: 'f7e1615cb4025debaf1f4c601d8c0f6e') in 0.013720 seconds
  Import took 0.017181 seconds .

========================================================================
Received Import Request.
  Time since last request: 60.393676 seconds.
  path: Assets/Prefabs/Green.prefab
  artifactKey: Guid(1d91935685f783c4283649228b822164) Importer(815301076,1909f56bfc062723c751e8b465ee728b)
Start importing Assets/Prefabs/Green.prefab using Guid(1d91935685f783c4283649228b822164) Importer(815301076,1909f56bfc062723c751e8b465ee728b)  -> (artifact id: 'a20938584043800794b97424cec8e060') in 0.030477 seconds
  Import took 0.034052 seconds .

========================================================================
Received Import Request.
  Time since last request: 12.972045 seconds.
  path: Assets/Prefabs/Orange.prefab
  artifactKey: Guid(567b87bb1b98da847a3c740f44312887) Importer(815301076,1909f56bfc062723c751e8b465ee728b)
Start importing Assets/Prefabs/Orange.prefab using Guid(567b87bb1b98da847a3c740f44312887) Importer(815301076,1909f56bfc062723c751e8b465ee728b)  -> (artifact id: 'a53e1215583a164d5ce29fe3c88ef5da') in 0.016213 seconds
  Import took 0.019003 seconds .

========================================================================
Received Import Request.
  Time since last request: 11.948413 seconds.
  path: Assets/Prefabs/Blue.prefab
  artifactKey: Guid(4a7e4e97058e6744fa305c0f53578a87) Importer(815301076,1909f56bfc062723c751e8b465ee728b)
Start importing Assets/Prefabs/Blue.prefab using Guid(4a7e4e97058e6744fa305c0f53578a87) Importer(815301076,1909f56bfc062723c751e8b465ee728b)  -> (artifact id: '09d2c3307eaa7b54753615b73e5ba50e') in 0.026099 seconds
  Import took 0.031805 seconds .

========================================================================
Received Import Request.
  Time since last request: 92.299412 seconds.
  path: Assets/Prefabs/Cyan.prefab
  artifactKey: Guid(59cc27b6bb04f3946b6f3ec59d061cc9) Importer(815301076,1909f56bfc062723c751e8b465ee728b)
Start importing Assets/Prefabs/Cyan.prefab using Guid(59cc27b6bb04f3946b6f3ec59d061cc9) Importer(815301076,1909f56bfc062723c751e8b465ee728b)  -> (artifact id: 'f52250d7312527379681b7634cb2e594') in 0.047652 seconds
  Import took 0.052177 seconds .

========================================================================
Received Import Request.
  Time since last request: 0.003903 seconds.
  path: Assets/Prefabs/Cyan.prefab
  artifactKey: Guid(59cc27b6bb04f3946b6f3ec59d061cc9) Importer(815301076,1909f56bfc062723c751e8b465ee728b)
Start importing Assets/Prefabs/Cyan.prefab using Guid(59cc27b6bb04f3946b6f3ec59d061cc9) Importer(815301076,1909f56bfc062723c751e8b465ee728b)  -> (artifact id: 'f52250d7312527379681b7634cb2e594') in 0.011446 seconds
  Import took 0.013832 seconds .

========================================================================
Received Import Request.
  Time since last request: 87.016978 seconds.
  path: Assets/Prefabs/Cyan.prefab
  artifactKey: Guid(59cc27b6bb04f3946b6f3ec59d061cc9) Importer(815301076,1909f56bfc062723c751e8b465ee728b)
Start importing Assets/Prefabs/Cyan.prefab using Guid(59cc27b6bb04f3946b6f3ec59d061cc9) Importer(815301076,1909f56bfc062723c751e8b465ee728b)  -> (artifact id: 'bac99b870c1b51abcada85ec5d40a214') in 0.022530 seconds
  Import took 0.026639 seconds .

========================================================================
Received Import Request.
  Time since last request: 7.784976 seconds.
  path: Assets/Prefabs/Cyan.prefab
  artifactKey: Guid(59cc27b6bb04f3946b6f3ec59d061cc9) Importer(815301076,1909f56bfc062723c751e8b465ee728b)
Start importing Assets/Prefabs/Cyan.prefab using Guid(59cc27b6bb04f3946b6f3ec59d061cc9) Importer(815301076,1909f56bfc062723c751e8b465ee728b)  -> (artifact id: '6a07e5fb65ea8f5605d1296c8da34c84') in 0.020707 seconds
  Import took 0.025827 seconds .

========================================================================
Received Prepare
Registering precompiled user dll's ...
Registered in 0.017089 seconds.
Begin MonoManager ReloadAssembly
Native extension for WindowsStandalone target not found
Refreshing native plugins compatible for Editor in 0.39 ms, found 1 plugins.
Preloading 0 native plugins for Editor in 0.00 ms.
Invoked RoslynAnalysisRunner static constructor.
RoslynAnalysisRunner will not be running.
RoslynAnalysisRunner has terminated.
Mono: successfully reloaded assembly
- Completed reload, in  0.792 seconds
Platform modules already initialized, skipping
Refreshing native plugins compatible for Editor in 0.43 ms, found 1 plugins.
Preloading 0 native plugins for Editor in 0.00 ms.
Unloading 1145 Unused Serialized files (Serialized files now loaded: 0)
System memory in use before: 62.5 MB.
System memory in use after: 62.6 MB.

Unloading 23 unused Assets to reduce memory usage. Loaded Objects now: 1624.
Total: 1.601800 ms (FindLiveObjects: 0.175800 ms CreateObjectMapping: 0.026200 ms MarkObjects: 1.339200 ms  DeleteObjects: 0.059700 ms)

========================================================================
Received Prepare
Registering precompiled user dll's ...
Registered in 0.022240 seconds.
Begin MonoManager ReloadAssembly
Native extension for WindowsStandalone target not found
Refreshing native plugins compatible for Editor in 0.40 ms, found 1 plugins.
Preloading 0 native plugins for Editor in 0.00 ms.
Invoked RoslynAnalysisRunner static constructor.
RoslynAnalysisRunner will not be running.
RoslynAnalysisRunner has terminated.
Mono: successfully reloaded assembly
- Completed reload, in  1.139 seconds
Platform modules already initialized, skipping
Refreshing native plugins compatible for Editor in 0.78 ms, found 1 plugins.
Preloading 0 native plugins for Editor in 0.00 ms.
Unloading 1145 Unused Serialized files (Serialized files now loaded: 0)
System memory in use before: 62.7 MB.
System memory in use after: 62.8 MB.

Unloading 21 unused Assets to reduce memory usage. Loaded Objects now: 1626.
Total: 2.539300 ms (FindLiveObjects: 0.213000 ms CreateObjectMapping: 0.031000 ms MarkObjects: 2.221200 ms  DeleteObjects: 0.071600 ms)

========================================================================
Received Import Request.
  Time since last request: 230.044095 seconds.
  path: Assets/Materials/Blue.mat
  artifactKey: Guid(e1d5179668e4b6641a1f22df9624bec0) Importer(815301076,1909f56bfc062723c751e8b465ee728b)
Start importing Assets/Materials/Blue.mat using Guid(e1d5179668e4b6641a1f22df9624bec0) Importer(815301076,1909f56bfc062723c751e8b465ee728b)  -> (artifact id: 'fc3488bc0765145047b37d6ee5335c6a') in 0.064151 seconds
  Import took 0.067053 seconds .

========================================================================
Received Import Request.
  Time since last request: 0.000197 seconds.
  path: Assets/Meshes/Kwadrat6/Kwadratsep.obj
  artifactKey: Guid(d804cbe7956c80a4e8ea97d76ee05e2b) Importer(815301076,1909f56bfc062723c751e8b465ee728b)
Start importing Assets/Meshes/Kwadrat6/Kwadratsep.obj using Guid(d804cbe7956c80a4e8ea97d76ee05e2b) Importer(815301076,1909f56bfc062723c751e8b465ee728b)  -> (artifact id: '3b68b9e57bd69711f71687467a02a71b') in 0.182055 seconds
  Import took 0.185541 seconds .

========================================================================
Received Import Request.
  Time since last request: 0.000204 seconds.
  path: Assets/Meshes/Kwadrat6/KwadratJoin.obj
  artifactKey: Guid(58f37dcf7366730449e45dc8dcc06712) Importer(815301076,1909f56bfc062723c751e8b465ee728b)
Start importing Assets/Meshes/Kwadrat6/KwadratJoin.obj using Guid(58f37dcf7366730449e45dc8dcc06712) Importer(815301076,1909f56bfc062723c751e8b465ee728b)  -> (artifact id: '5199b16e0daf8494a0596bea9d7ff7e2') in 0.077247 seconds
  Import took 0.080042 seconds .

========================================================================
Received Import Request.
  Time since last request: 0.000197 seconds.
  path: Assets/Meshes/Kwadrat6/Kwadrat2.blend
  artifactKey: Guid(434bc2a41ce3c104eaf5232ab9fac78a) Importer(815301076,1909f56bfc062723c751e8b465ee728b)
Start importing Assets/Meshes/Kwadrat6/Kwadrat2.blend using Guid(434bc2a41ce3c104eaf5232ab9fac78a) Importer(815301076,1909f56bfc062723c751e8b465ee728b)  -> (artifact id: '5d64c0a9187bb39bed976ee0b60249e2') in 0.090795 seconds
  Import took 0.093292 seconds .

========================================================================
Received Import Request.
  Time since last request: 0.000324 seconds.
  path: Assets/Meshes/Kwadrat6/Kwadrat.blend
  artifactKey: Guid(58b3acc59875b5841b766e53cd590e5b) Importer(815301076,1909f56bfc062723c751e8b465ee728b)
Start importing Assets/Meshes/Kwadrat6/Kwadrat.blend using Guid(58b3acc59875b5841b766e53cd590e5b) Importer(815301076,1909f56bfc062723c751e8b465ee728b)  -> (artifact id: '5ff6dc07bbb4685b7c28bfefec6e8ba1') in 0.060065 seconds
  Import took 0.062279 seconds .

========================================================================
Received Import Request.
  Time since last request: 0.000230 seconds.
  path: Assets/Meshes/Kwadrat6/Kwadrat1.blend
  artifactKey: Guid(a91f8fd55e9f3174b8516ecb0cbe3666) Importer(815301076,1909f56bfc062723c751e8b465ee728b)
Start importing Assets/Meshes/Kwadrat6/Kwadrat1.blend using Guid(a91f8fd55e9f3174b8516ecb0cbe3666) Importer(815301076,1909f56bfc062723c751e8b465ee728b)  -> (artifact id: '53f1ccb516072fbc629bca66a3686f5f') in 0.067929 seconds
  Import took 0.070477 seconds .

========================================================================
Received Import Request.
  Time since last request: 0.000179 seconds.
  path: Assets/Materials/Blue.mat
  artifactKey: Guid(e1d5179668e4b6641a1f22df9624bec0) Importer(815301076,1909f56bfc062723c751e8b465ee728b)
Start importing Assets/Materials/Blue.mat using Guid(e1d5179668e4b6641a1f22df9624bec0) Importer(815301076,1909f56bfc062723c751e8b465ee728b)  -> (artifact id: 'fc3488bc0765145047b37d6ee5335c6a') in 0.014332 seconds
  Import took 0.016643 seconds .

========================================================================
Received Import Request.
  Time since last request: 0.000159 seconds.
  path: Assets/Meshes/Kwadratsep3.obj
  artifactKey: Guid(c4839682870213243b507f88a2401bcc) Importer(815301076,1909f56bfc062723c751e8b465ee728b)
Start importing Assets/Meshes/Kwadratsep3.obj using Guid(c4839682870213243b507f88a2401bcc) Importer(815301076,1909f56bfc062723c751e8b465ee728b)  -> (artifact id: '5922c3d3123f681cbdd1c9db5f327be0') in 0.044271 seconds
  Import took 0.046505 seconds .

========================================================================
Received Import Request.
  Time since last request: 0.000198 seconds.
  path: Assets/Meshes/Kwadrat6/Kwadrat3.blend
  artifactKey: Guid(8febe022ceb591045a59b02ec7e5a556) Importer(815301076,1909f56bfc062723c751e8b465ee728b)
Start importing Assets/Meshes/Kwadrat6/Kwadrat3.blend using Guid(8febe022ceb591045a59b02ec7e5a556) Importer(815301076,1909f56bfc062723c751e8b465ee728b)  -> (artifact id: '5f2809bc14bfcf5a749784fa920bc5de') in 0.093881 seconds
  Import took 0.096044 seconds .

========================================================================
Received Import Request.
  Time since last request: 83.303774 seconds.
  path: Assets/Scripts/Boundary.cs
  artifactKey: Guid(5c8bfa12bdd400048979f750d0663cb9) Importer(815301076,1909f56bfc062723c751e8b465ee728b)
Start importing Assets/Scripts/Boundary.cs using Guid(5c8bfa12bdd400048979f750d0663cb9) Importer(815301076,1909f56bfc062723c751e8b465ee728b)  -> (artifact id: '85c4b91c27485127bd56892ee1afcdfa') in 0.006460 seconds
  Import took 0.008732 seconds .

========================================================================
Received Prepare
Registering precompiled user dll's ...
Registered in 0.018134 seconds.
Begin MonoManager ReloadAssembly
Native extension for WindowsStandalone target not found
Refreshing native plugins compatible for Editor in 0.58 ms, found 1 plugins.
Preloading 0 native plugins for Editor in 0.00 ms.
Invoked RoslynAnalysisRunner static constructor.
RoslynAnalysisRunner will not be running.
RoslynAnalysisRunner has terminated.
Mono: successfully reloaded assembly
- Completed reload, in  1.357 seconds
Platform modules already initialized, skipping
Refreshing native plugins compatible for Editor in 0.44 ms, found 1 plugins.
Preloading 0 native plugins for Editor in 0.00 ms.
Unloading 1146 Unused Serialized files (Serialized files now loaded: 0)
System memory in use before: 63.5 MB.
System memory in use after: 63.5 MB.

Unloading 22 unused Assets to reduce memory usage. Loaded Objects now: 1666.
Total: 2.735100 ms (FindLiveObjects: 0.313800 ms CreateObjectMapping: 0.067900 ms MarkObjects: 2.263700 ms  DeleteObjects: 0.088200 ms)

========================================================================
Received Prepare
Registering precompiled user dll's ...
Registered in 0.013354 seconds.
Begin MonoManager ReloadAssembly
Native extension for WindowsStandalone target not found
Refreshing native plugins compatible for Editor in 1.17 ms, found 1 plugins.
Preloading 0 native plugins for Editor in 0.00 ms.
Invoked RoslynAnalysisRunner static constructor.
RoslynAnalysisRunner will not be running.
RoslynAnalysisRunner has terminated.
Mono: successfully reloaded assembly
- Completed reload, in  1.263 seconds
Platform modules already initialized, skipping
Refreshing native plugins compatible for Editor in 0.60 ms, found 1 plugins.
Preloading 0 native plugins for Editor in 0.00 ms.
Unloading 1146 Unused Serialized files (Serialized files now loaded: 0)
System memory in use before: 63.6 MB.
System memory in use after: 63.7 MB.

Unloading 21 unused Assets to reduce memory usage. Loaded Objects now: 1668.
Total: 1.947100 ms (FindLiveObjects: 0.213600 ms CreateObjectMapping: 0.029100 ms MarkObjects: 1.641000 ms  DeleteObjects: 0.062100 ms)

========================================================================
Received Prepare
Registering precompiled user dll's ...
Registered in 0.029517 seconds.
Begin MonoManager ReloadAssembly
Native extension for WindowsStandalone target not found
Refreshing native plugins compatible for Editor in 1.24 ms, found 1 plugins.
Preloading 0 native plugins for Editor in 0.00 ms.
Invoked RoslynAnalysisRunner static constructor.
RoslynAnalysisRunner will not be running.
RoslynAnalysisRunner has terminated.
Mono: successfully reloaded assembly
- Completed reload, in  1.298 seconds
Platform modules already initialized, skipping
Refreshing native plugins compatible for Editor in 0.44 ms, found 1 plugins.
Preloading 0 native plugins for Editor in 0.00 ms.
Unloading 1146 Unused Serialized files (Serialized files now loaded: 0)
System memory in use before: 63.9 MB.
System memory in use after: 64.0 MB.

Unloading 21 unused Assets to reduce memory usage. Loaded Objects now: 1670.
Total: 3.290000 ms (FindLiveObjects: 0.520400 ms CreateObjectMapping: 0.059500 ms MarkObjects: 2.632000 ms  DeleteObjects: 0.075900 ms)

========================================================================
Received Prepare
Registering precompiled user dll's ...
Registered in 0.017359 seconds.
Begin MonoManager ReloadAssembly
Native extension for WindowsStandalone target not found
Refreshing native plugins compatible for Editor in 0.38 ms, found 1 plugins.
Preloading 0 native plugins for Editor in 0.00 ms.
Invoked RoslynAnalysisRunner static constructor.
RoslynAnalysisRunner will not be running.
RoslynAnalysisRunner has terminated.
Mono: successfully reloaded assembly
- Completed reload, in  0.805 seconds
Platform modules already initialized, skipping
Refreshing native plugins compatible for Editor in 0.54 ms, found 1 plugins.
Preloading 0 native plugins for Editor in 0.00 ms.
Unloading 1146 Unused Serialized files (Serialized files now loaded: 0)
System memory in use before: 64.1 MB.
System memory in use after: 64.2 MB.

Unloading 21 unused Assets to reduce memory usage. Loaded Objects now: 1672.
Total: 2.138500 ms (FindLiveObjects: 0.268900 ms CreateObjectMapping: 0.029200 ms MarkObjects: 1.760600 ms  DeleteObjects: 0.078400 ms)

========================================================================
Received Prepare
Registering precompiled user dll's ...
Registered in 0.011558 seconds.
Begin MonoManager ReloadAssembly
Native extension for WindowsStandalone target not found
Refreshing native plugins compatible for Editor in 0.86 ms, found 1 plugins.
Preloading 0 native plugins for Editor in 0.00 ms.
Invoked RoslynAnalysisRunner static constructor.
RoslynAnalysisRunner will not be running.
RoslynAnalysisRunner has terminated.
Mono: successfully reloaded assembly
- Completed reload, in  1.408 seconds
Platform modules already initialized, skipping
Refreshing native plugins compatible for Editor in 0.58 ms, found 1 plugins.
Preloading 0 native plugins for Editor in 0.00 ms.
Unloading 1146 Unused Serialized files (Serialized files now loaded: 0)
System memory in use before: 64.3 MB.
System memory in use after: 64.4 MB.

Unloading 21 unused Assets to reduce memory usage. Loaded Objects now: 1674.
Total: 2.755500 ms (FindLiveObjects: 0.310500 ms CreateObjectMapping: 0.040100 ms MarkObjects: 2.307300 ms  DeleteObjects: 0.095700 ms)

========================================================================
Received Prepare
Registering precompiled user dll's ...
Registered in 0.013752 seconds.
Begin MonoManager ReloadAssembly
Native extension for WindowsStandalone target not found
Refreshing native plugins compatible for Editor in 0.39 ms, found 1 plugins.
Preloading 0 native plugins for Editor in 0.00 ms.
Invoked RoslynAnalysisRunner static constructor.
RoslynAnalysisRunner will not be running.
RoslynAnalysisRunner has terminated.
Mono: successfully reloaded assembly
- Completed reload, in  0.807 seconds
Platform modules already initialized, skipping
Refreshing native plugins compatible for Editor in 0.79 ms, found 1 plugins.
Preloading 0 native plugins for Editor in 0.00 ms.
Unloading 1146 Unused Serialized files (Serialized files now loaded: 0)
System memory in use before: 64.6 MB.
System memory in use after: 64.6 MB.

Unloading 21 unused Assets to reduce memory usage. Loaded Objects now: 1676.
Total: 3.801600 ms (FindLiveObjects: 1.218500 ms CreateObjectMapping: 0.121900 ms MarkObjects: 2.384800 ms  DeleteObjects: 0.074800 ms)

========================================================================
Received Prepare
Registering precompiled user dll's ...
Registered in 0.028644 seconds.
Begin MonoManager ReloadAssembly
Native extension for WindowsStandalone target not found
Refreshing native plugins compatible for Editor in 0.43 ms, found 1 plugins.
Preloading 0 native plugins for Editor in 0.00 ms.
Invoked RoslynAnalysisRunner static constructor.
RoslynAnalysisRunner will not be running.
RoslynAnalysisRunner has terminated.
Mono: successfully reloaded assembly
- Completed reload, in  1.008 seconds
Platform modules already initialized, skipping
Refreshing native plugins compatible for Editor in 0.50 ms, found 1 plugins.
Preloading 0 native plugins for Editor in 0.00 ms.
Unloading 1146 Unused Serialized files (Serialized files now loaded: 0)
System memory in use before: 64.6 MB.
System memory in use after: 64.7 MB.

Unloading 21 unused Assets to reduce memory usage. Loaded Objects now: 1678.
Total: 2.278700 ms (FindLiveObjects: 0.222600 ms CreateObjectMapping: 0.035900 ms MarkObjects: 1.957700 ms  DeleteObjects: 0.061600 ms)

========================================================================
Received Prepare
Registering precompiled user dll's ...
Registered in 0.011966 seconds.
Begin MonoManager ReloadAssembly
Native extension for WindowsStandalone target not found
Refreshing native plugins compatible for Editor in 0.39 ms, found 1 plugins.
Preloading 0 native plugins for Editor in 0.00 ms.
Invoked RoslynAnalysisRunner static constructor.
RoslynAnalysisRunner will not be running.
RoslynAnalysisRunner has terminated.
Mono: successfully reloaded assembly
- Completed reload, in  0.790 seconds
Platform modules already initialized, skipping
Refreshing native plugins compatible for Editor in 0.70 ms, found 1 plugins.
Preloading 0 native plugins for Editor in 0.00 ms.
Unloading 1146 Unused Serialized files (Serialized files now loaded: 0)
System memory in use before: 64.0 MB.
System memory in use after: 64.1 MB.

Unloading 21 unused Assets to reduce memory usage. Loaded Objects now: 1680.
Total: 3.717600 ms (FindLiveObjects: 0.663600 ms CreateObjectMapping: 0.591700 ms MarkObjects: 2.388700 ms  DeleteObjects: 0.072200 ms)

========================================================================
Received Prepare
Registering precompiled user dll's ...
Registered in 0.013240 seconds.
Begin MonoManager ReloadAssembly
Native extension for WindowsStandalone target not found
Refreshing native plugins compatible for Editor in 0.37 ms, found 1 plugins.
Preloading 0 native plugins for Editor in 0.00 ms.
Invoked RoslynAnalysisRunner static constructor.
RoslynAnalysisRunner will not be running.
RoslynAnalysisRunner has terminated.
Mono: successfully reloaded assembly
- Completed reload, in  0.806 seconds
Platform modules already initialized, skipping
Refreshing native plugins compatible for Editor in 0.74 ms, found 1 plugins.
Preloading 0 native plugins for Editor in 0.00 ms.
Unloading 1146 Unused Serialized files (Serialized files now loaded: 0)
System memory in use before: 64.2 MB.
System memory in use after: 64.3 MB.

Unloading 21 unused Assets to reduce memory usage. Loaded Objects now: 1682.
Total: 2.472100 ms (FindLiveObjects: 0.317500 ms CreateObjectMapping: 0.042500 ms MarkObjects: 2.020200 ms  DeleteObjects: 0.089900 ms)

AssetImportWorkerClient::OnTransportError - code=2 error=End of file
